[0.342s] DEBUG:colcon:Command line arguments: ['/usr/bin/colcon', 'build', '--symlink-install']
[0.342s] DEBUG:colcon:Parsed command line arguments: Namespace(allow_overriding=[], ament_cmake_args=None, base_paths=['.'], build_base='build', catkin_cmake_args=None, catkin_skip_building_tests=False, cmake_args=None, cmake_clean_cache=False, cmake_clean_first=False, cmake_force_configure=False, cmake_target=None, cmake_target_skip_unavailable=False, continue_on_error=False, event_handlers=None, executor='parallel', ignore_user_meta=False, install_base='install', log_base=None, log_level=None, main=<bound method BuildVerb.main of <colcon_core.verb.build.BuildVerb object at 0x7fe0525de9a0>>, merge_install=False, metas=['./colcon.meta'], packages_above=None, packages_above_and_dependencies=None, packages_above_depth=None, packages_end=None, packages_ignore=None, packages_ignore_regex=None, packages_select=None, packages_select_build_failed=False, packages_select_by_dep=None, packages_select_regex=None, packages_select_test_failures=False, packages_skip=None, packages_skip_build_finished=False, packages_skip_by_dep=None, packages_skip_regex=None, packages_skip_test_passed=False, packages_skip_up_to=None, packages_start=None, packages_up_to=None, packages_up_to_regex=None, parallel_workers=8, paths=None, symlink_install=True, test_result_base=None, verb_extension=<colcon_core.verb.build.BuildVerb object at 0x7fe0525de9a0>, verb_name='build', verb_parser=<colcon_defaults.argument_parser.defaults.DefaultArgumentsDecorator object at 0x7fe0525def10>)
[0.369s] Level 1:colcon.colcon_core.package_discovery:discover_packages(colcon_meta) check parameters
[0.369s] Level 1:colcon.colcon_core.package_discovery:discover_packages(recursive) check parameters
[0.369s] Level 1:colcon.colcon_core.package_discovery:discover_packages(ignore) check parameters
[0.369s] Level 1:colcon.colcon_core.package_discovery:discover_packages(path) check parameters
[0.369s] Level 1:colcon.colcon_core.package_discovery:discover_packages(colcon_meta) discover
[0.369s] Level 1:colcon.colcon_core.package_discovery:discover_packages(recursive) discover
[0.369s] INFO:colcon.colcon_core.package_discovery:Crawling recursively for packages in '/home/yanli/dev_ws/src/my_bot'
[0.370s] Level 1:colcon.colcon_core.package_identification:_identify(.) by extensions ['ignore', 'ignore_ament_install']
[0.370s] Level 1:colcon.colcon_core.package_identification:_identify(.) by extension 'ignore'
[0.370s] Level 1:colcon.colcon_core.package_identification:_identify(.) by extension 'ignore_ament_install'
[0.370s] Level 1:colcon.colcon_core.package_identification:_identify(.) by extensions ['colcon_pkg']
[0.370s] Level 1:colcon.colcon_core.package_identification:_identify(.) by extension 'colcon_pkg'
[0.370s] Level 1:colcon.colcon_core.package_identification:_identify(.) by extensions ['colcon_meta']
[0.370s] Level 1:colcon.colcon_core.package_identification:_identify(.) by extension 'colcon_meta'
[0.370s] Level 1:colcon.colcon_core.package_identification:_identify(.) by extensions ['ros']
[0.370s] Level 1:colcon.colcon_core.package_identification:_identify(.) by extension 'ros'
[0.391s] DEBUG:colcon.colcon_core.package_identification:Package '.' with type 'ros.ament_cmake' and name 'my_bot'
[0.391s] Level 1:colcon.colcon_core.package_discovery:discover_packages(recursive) using defaults
[0.391s] Level 1:colcon.colcon_core.package_discovery:discover_packages(ignore) discover
[0.391s] Level 1:colcon.colcon_core.package_discovery:discover_packages(ignore) using defaults
[0.391s] Level 1:colcon.colcon_core.package_discovery:discover_packages(path) discover
[0.391s] Level 1:colcon.colcon_core.package_discovery:discover_packages(path) using defaults
[0.413s] Level 1:colcon.colcon_core.package_discovery:discover_packages(prefix_path) check parameters
[0.414s] Level 1:colcon.colcon_core.package_discovery:discover_packages(prefix_path) discover
[0.418s] DEBUG:colcon.colcon_installed_package_information.package_discovery:Found 3 installed packages in /home/yanli/dev_ws/install
[0.420s] DEBUG:colcon.colcon_installed_package_information.package_discovery:Found 37 installed packages in /home/yanli/ws/install
[0.422s] DEBUG:colcon.colcon_installed_package_information.package_discovery:Found 287 installed packages in /opt/ros/foxy
[0.424s] Level 1:colcon.colcon_core.package_discovery:discover_packages(prefix_path) using defaults
[0.503s] Level 5:colcon.colcon_core.verb:set package 'my_bot' build argument 'cmake_args' from command line to 'None'
[0.503s] Level 5:colcon.colcon_core.verb:set package 'my_bot' build argument 'cmake_target' from command line to 'None'
[0.503s] Level 5:colcon.colcon_core.verb:set package 'my_bot' build argument 'cmake_target_skip_unavailable' from command line to 'False'
[0.504s] Level 5:colcon.colcon_core.verb:set package 'my_bot' build argument 'cmake_clean_cache' from command line to 'False'
[0.504s] Level 5:colcon.colcon_core.verb:set package 'my_bot' build argument 'cmake_clean_first' from command line to 'False'
[0.504s] Level 5:colcon.colcon_core.verb:set package 'my_bot' build argument 'cmake_force_configure' from command line to 'False'
[0.504s] Level 5:colcon.colcon_core.verb:set package 'my_bot' build argument 'ament_cmake_args' from command line to 'None'
[0.504s] Level 5:colcon.colcon_core.verb:set package 'my_bot' build argument 'catkin_cmake_args' from command line to 'None'
[0.504s] Level 5:colcon.colcon_core.verb:set package 'my_bot' build argument 'catkin_skip_building_tests' from command line to 'False'
[0.504s] DEBUG:colcon.colcon_core.verb:Building package 'my_bot' with the following arguments: {'ament_cmake_args': None, 'build_base': '/home/yanli/dev_ws/src/my_bot/build/my_bot', 'catkin_cmake_args': None, 'catkin_skip_building_tests': False, 'cmake_args': None, 'cmake_clean_cache': False, 'cmake_clean_first': False, 'cmake_force_configure': False, 'cmake_target': None, 'cmake_target_skip_unavailable': False, 'install_base': '/home/yanli/dev_ws/src/my_bot/install/my_bot', 'merge_install': False, 'path': '/home/yanli/dev_ws/src/my_bot', 'symlink_install': True, 'test_result_base': None}
[0.505s] INFO:colcon.colcon_core.executor:Executing jobs using 'parallel' executor
[0.508s] DEBUG:colcon.colcon_parallel_executor.executor.parallel:run_until_complete
[0.509s] INFO:colcon.colcon_ros.task.ament_cmake.build:Building ROS package in '/home/yanli/dev_ws/src/my_bot' with build type 'ament_cmake'
[0.509s] INFO:colcon.colcon_cmake.task.cmake.build:Building CMake package in '/home/yanli/dev_ws/src/my_bot'
[0.514s] INFO:colcon.colcon_core.plugin_system:Skipping extension 'colcon_core.shell.bat': Not used on non-Windows systems
[0.514s] INFO:colcon.colcon_core.shell:Skip shell extension 'powershell' for command environment: Not usable outside of PowerShell
[0.514s] DEBUG:colcon.colcon_core.shell:Skip shell extension 'dsv' for command environment
[0.532s] DEBUG:colcon.colcon_core.event_handler.log_command:Invoking command in '/home/yanli/dev_ws/src/my_bot/build/my_bot': CMAKE_PREFIX_PATH=${CMAKE_PREFIX_PATH}:/home/yanli/ws/install/ros2controlcli:/home/yanli/ws/install/ros2_control_test_nodes:/opt/ros/foxy /usr/bin/cmake /home/yanli/dev_ws/src/my_bot -DAMENT_CMAKE_SYMLINK_INSTALL=1 -DCMAKE_INSTALL_PREFIX=/home/yanli/dev_ws/src/my_bot/install/my_bot
[1.724s] DEBUG:colcon.colcon_core.event_handler.log_command:Invoked command in '/home/yanli/dev_ws/src/my_bot/build/my_bot' returned '0': CMAKE_PREFIX_PATH=${CMAKE_PREFIX_PATH}:/home/yanli/ws/install/ros2controlcli:/home/yanli/ws/install/ros2_control_test_nodes:/opt/ros/foxy /usr/bin/cmake /home/yanli/dev_ws/src/my_bot -DAMENT_CMAKE_SYMLINK_INSTALL=1 -DCMAKE_INSTALL_PREFIX=/home/yanli/dev_ws/src/my_bot/install/my_bot
[1.728s] DEBUG:colcon.colcon_core.event_handler.log_command:Invoking command in '/home/yanli/dev_ws/src/my_bot/build/my_bot': CMAKE_PREFIX_PATH=${CMAKE_PREFIX_PATH}:/home/yanli/ws/install/ros2controlcli:/home/yanli/ws/install/ros2_control_test_nodes:/opt/ros/foxy /usr/bin/cmake --build /home/yanli/dev_ws/src/my_bot/build/my_bot -- -j8 -l8
[1.797s] DEBUG:colcon.colcon_core.event_handler.log_command:Invoked command in '/home/yanli/dev_ws/src/my_bot/build/my_bot' returned '0': CMAKE_PREFIX_PATH=${CMAKE_PREFIX_PATH}:/home/yanli/ws/install/ros2controlcli:/home/yanli/ws/install/ros2_control_test_nodes:/opt/ros/foxy /usr/bin/cmake --build /home/yanli/dev_ws/src/my_bot/build/my_bot -- -j8 -l8
[1.861s] DEBUG:colcon.colcon_core.event_handler.log_command:Invoking command in '/home/yanli/dev_ws/src/my_bot/build/my_bot': CMAKE_PREFIX_PATH=${CMAKE_PREFIX_PATH}:/home/yanli/ws/install/ros2controlcli:/home/yanli/ws/install/ros2_control_test_nodes:/opt/ros/foxy /usr/bin/cmake --install /home/yanli/dev_ws/src/my_bot/build/my_bot
[2.401s] Level 1:colcon.colcon_core.environment:create_environment_scripts_only(my_bot)
[2.403s] DEBUG:colcon.colcon_core.event_handler.log_command:Invoked command in '/home/yanli/dev_ws/src/my_bot/build/my_bot' returned '0': CMAKE_PREFIX_PATH=${CMAKE_PREFIX_PATH}:/home/yanli/ws/install/ros2controlcli:/home/yanli/ws/install/ros2_control_test_nodes:/opt/ros/foxy /usr/bin/cmake --install /home/yanli/dev_ws/src/my_bot/build/my_bot
[2.412s] Level 1:colcon.colcon_core.environment:checking '/home/yanli/dev_ws/src/my_bot/install/my_bot' for CMake module files
[2.412s] Level 1:colcon.colcon_core.environment:checking '/home/yanli/dev_ws/src/my_bot/install/my_bot' for CMake config files
[2.413s] Level 1:colcon.colcon_core.shell:create_environment_hook('my_bot', 'cmake_prefix_path')
[2.414s] INFO:colcon.colcon_core.shell:Creating environment hook '/home/yanli/dev_ws/src/my_bot/install/my_bot/share/my_bot/hook/cmake_prefix_path.ps1'
[2.415s] INFO:colcon.colcon_core.shell:Creating environment descriptor '/home/yanli/dev_ws/src/my_bot/install/my_bot/share/my_bot/hook/cmake_prefix_path.dsv'
[2.415s] INFO:colcon.colcon_core.shell:Creating environment hook '/home/yanli/dev_ws/src/my_bot/install/my_bot/share/my_bot/hook/cmake_prefix_path.sh'
[2.416s] Level 1:colcon.colcon_core.environment:checking '/home/yanli/dev_ws/src/my_bot/install/my_bot/bin'
[2.416s] Level 1:colcon.colcon_core.environment:checking '/home/yanli/dev_ws/src/my_bot/install/my_bot/lib/pkgconfig/my_bot.pc'
[2.416s] Level 1:colcon.colcon_core.environment:checking '/home/yanli/dev_ws/src/my_bot/install/my_bot/lib/python3.8/site-packages'
[2.417s] Level 1:colcon.colcon_core.environment:checking '/home/yanli/dev_ws/src/my_bot/install/my_bot/bin'
[2.418s] INFO:colcon.colcon_core.shell:Creating package script '/home/yanli/dev_ws/src/my_bot/install/my_bot/share/my_bot/package.ps1'
[2.419s] INFO:colcon.colcon_core.shell:Creating package descriptor '/home/yanli/dev_ws/src/my_bot/install/my_bot/share/my_bot/package.dsv'
[2.419s] INFO:colcon.colcon_core.shell:Creating package script '/home/yanli/dev_ws/src/my_bot/install/my_bot/share/my_bot/package.sh'
[2.420s] INFO:colcon.colcon_core.shell:Creating package script '/home/yanli/dev_ws/src/my_bot/install/my_bot/share/my_bot/package.bash'
[2.421s] INFO:colcon.colcon_core.shell:Creating package script '/home/yanli/dev_ws/src/my_bot/install/my_bot/share/my_bot/package.zsh'
[2.421s] Level 1:colcon.colcon_core.environment:create_file_with_runtime_dependencies(/home/yanli/dev_ws/src/my_bot/install/my_bot/share/colcon-core/packages/my_bot)
[2.461s] Level 1:colcon.colcon_core.environment:create_environment_scripts_only(my_bot)
[2.463s] Level 1:colcon.colcon_core.environment:checking '/home/yanli/dev_ws/src/my_bot/install/my_bot' for CMake module files
[2.464s] Level 1:colcon.colcon_core.environment:checking '/home/yanli/dev_ws/src/my_bot/install/my_bot' for CMake config files
[2.464s] Level 1:colcon.colcon_core.shell:create_environment_hook('my_bot', 'cmake_prefix_path')
[2.465s] INFO:colcon.colcon_core.shell:Creating environment hook '/home/yanli/dev_ws/src/my_bot/install/my_bot/share/my_bot/hook/cmake_prefix_path.ps1'
[2.466s] INFO:colcon.colcon_core.shell:Creating environment descriptor '/home/yanli/dev_ws/src/my_bot/install/my_bot/share/my_bot/hook/cmake_prefix_path.dsv'
[2.467s] INFO:colcon.colcon_core.shell:Creating environment hook '/home/yanli/dev_ws/src/my_bot/install/my_bot/share/my_bot/hook/cmake_prefix_path.sh'
[2.468s] Level 1:colcon.colcon_core.environment:checking '/home/yanli/dev_ws/src/my_bot/install/my_bot/bin'
[2.468s] Level 1:colcon.colcon_core.environment:checking '/home/yanli/dev_ws/src/my_bot/install/my_bot/lib/pkgconfig/my_bot.pc'
[2.468s] Level 1:colcon.colcon_core.environment:checking '/home/yanli/dev_ws/src/my_bot/install/my_bot/lib/python3.8/site-packages'
[2.469s] Level 1:colcon.colcon_core.environment:checking '/home/yanli/dev_ws/src/my_bot/install/my_bot/bin'
[2.471s] INFO:colcon.colcon_core.shell:Creating package script '/home/yanli/dev_ws/src/my_bot/install/my_bot/share/my_bot/package.ps1'
[2.472s] INFO:colcon.colcon_core.shell:Creating package descriptor '/home/yanli/dev_ws/src/my_bot/install/my_bot/share/my_bot/package.dsv'
[2.472s] INFO:colcon.colcon_core.shell:Creating package script '/home/yanli/dev_ws/src/my_bot/install/my_bot/share/my_bot/package.sh'
[2.472s] INFO:colcon.colcon_core.shell:Creating package script '/home/yanli/dev_ws/src/my_bot/install/my_bot/share/my_bot/package.bash'
[2.473s] INFO:colcon.colcon_core.shell:Creating package script '/home/yanli/dev_ws/src/my_bot/install/my_bot/share/my_bot/package.zsh'
[2.473s] Level 1:colcon.colcon_core.environment:create_file_with_runtime_dependencies(/home/yanli/dev_ws/src/my_bot/install/my_bot/share/colcon-core/packages/my_bot)
[2.473s] DEBUG:colcon.colcon_parallel_executor.executor.parallel:closing loop
[2.474s] DEBUG:colcon.colcon_parallel_executor.executor.parallel:loop closed
[2.474s] DEBUG:colcon.colcon_parallel_executor.executor.parallel:run_until_complete finished with '0'
[2.474s] DEBUG:colcon.colcon_core.event_reactor:joining thread
[2.480s] INFO:colcon.colcon_core.plugin_system:Skipping extension 'colcon_notification.desktop_notification.terminal_notifier': Not used on non-Darwin systems
[2.480s] INFO:colcon.colcon_core.plugin_system:Skipping extension 'colcon_notification.desktop_notification.win32': Not used on non-Windows systems
[2.480s] INFO:colcon.colcon_notification.desktop_notification:Sending desktop notification using 'notify2'
[2.503s] DEBUG:colcon.colcon_core.event_reactor:joined thread
[2.505s] INFO:colcon.colcon_core.shell:Creating prefix script '/home/yanli/dev_ws/src/my_bot/install/local_setup.ps1'
[2.506s] INFO:colcon.colcon_core.shell:Creating prefix util module '/home/yanli/dev_ws/src/my_bot/install/_local_setup_util_ps1.py'
[2.507s] INFO:colcon.colcon_core.shell:Creating prefix chain script '/home/yanli/dev_ws/src/my_bot/install/setup.ps1'
[2.514s] INFO:colcon.colcon_core.shell:Creating prefix script '/home/yanli/dev_ws/src/my_bot/install/local_setup.sh'
[2.514s] INFO:colcon.colcon_core.shell:Creating prefix util module '/home/yanli/dev_ws/src/my_bot/install/_local_setup_util_sh.py'
[2.515s] INFO:colcon.colcon_core.shell:Creating prefix chain script '/home/yanli/dev_ws/src/my_bot/install/setup.sh'
[2.518s] INFO:colcon.colcon_core.shell:Creating prefix script '/home/yanli/dev_ws/src/my_bot/install/local_setup.bash'
[2.518s] INFO:colcon.colcon_core.shell:Creating prefix chain script '/home/yanli/dev_ws/src/my_bot/install/setup.bash'
[2.521s] INFO:colcon.colcon_core.shell:Creating prefix script '/home/yanli/dev_ws/src/my_bot/install/local_setup.zsh'
[2.522s] INFO:colcon.colcon_core.shell:Creating prefix chain script '/home/yanli/dev_ws/src/my_bot/install/setup.zsh'
